# JRE version: Java(TM) SE Runtime Environment (17.0.8+9) (build 17.0.8+9-LTS-211)
# Java VM: Java HotSpot(TM) 64-Bit Server VM (17.0.8+9-LTS-211, mixed mode, sharing, tiered, compressed oops, compressed class ptrs, g1 gc, windows-amd64)
GC Precious Log:
 CPUs: 12 total, 12 available
 Memory: 16291M
 Large Page Support: Disabled
 NUMA Support: Disabled
 Compressed Oops: Enabled (Zero based)
 Heap Region Size: 2M
 Heap Min Capacity: 8M
 Heap Initial Capacity: 256M
 Heap Max Capacity: 4074M
 Pre-touch: Disabled
 Parallel Workers: 10
 Concurrent Workers: 3
 Concurrent Refinement Workers: 10
 Periodic GC: Disabled
Heap:
 garbage-first heap   total 55296K, used 19565K [0x0000000701600000, 0x0000000800000000)
  region size 2048K, 3 young (6144K), 2 survivors (4096K)
 Metaspace       used 35841K, committed 36224K, reserved 1114112K
  class space    used 4768K, committed 4928K, reserved 1048576K
GC Heap History (18 events):
Event: 1.736 GC heap before
{Heap before GC invocations=0 (full 0):
 garbage-first heap   total 262144K, used 22528K [0x0000000701600000, 0x0000000800000000)
  region size 2048K, 11 young (22528K), 0 survivors (0K)
 Metaspace       used 6863K, committed 6976K, reserved 1114112K
  class space    used 769K, committed 832K, reserved 1048576K
}
Event: 1.768 GC heap after
{Heap after GC invocations=1 (full 0):
 garbage-first heap   total 262144K, used 7285K [0x0000000701600000, 0x0000000800000000)
  region size 2048K, 2 young (4096K), 2 survivors (4096K)
 Metaspace       used 6863K, committed 6976K, reserved 1114112K
  class space    used 769K, committed 832K, reserved 1048576K
}
Event: 2.880 GC heap before
{Heap before GC invocations=1 (full 0):
 garbage-first heap   total 262144K, used 27765K [0x0000000701600000, 0x0000000800000000)
  region size 2048K, 12 young (24576K), 2 survivors (4096K)
 Metaspace       used 11555K, committed 11840K, reserved 1114112K
  class space    used 1424K, committed 1536K, reserved 1048576K
}
Event: 2.889 GC heap after
{Heap after GC invocations=2 (full 0):
 garbage-first heap   total 262144K, used 9251K [0x0000000701600000, 0x0000000800000000)
  region size 2048K, 1 young (2048K), 1 survivors (2048K)
 Metaspace       used 11555K, committed 11840K, reserved 1114112K
  class space    used 1424K, committed 1536K, reserved 1048576K
}
Event: 5.052 GC heap before
{Heap before GC invocations=2 (full 0):
 garbage-first heap   total 262144K, used 56355K [0x0000000701600000, 0x0000000800000000)
  region size 2048K, 26 young (53248K), 1 survivors (2048K)
 Metaspace       used 21222K, committed 21504K, reserved 1114112K
  class space    used 2668K, committed 2816K, reserved 1048576K
}
Event: 5.062 GC heap after
{Heap after GC invocations=3 (full 0):
 garbage-first heap   total 262144K, used 12387K [0x0000000701600000, 0x0000000800000000)
  region size 2048K, 3 young (6144K), 3 survivors (6144K)
 Metaspace       used 21222K, committed 21504K, reserved 1114112K
  class space    used 2668K, committed 2816K, reserved 1048576K
}
Event: 6.723 GC heap before
{Heap before GC invocations=4 (full 0):
 garbage-first heap   total 55296K, used 39011K [0x0000000701600000, 0x0000000800000000)
  region size 2048K, 16 young (32768K), 3 survivors (6144K)
 Metaspace       used 23891K, committed 24192K, reserved 1114112K
  class space    used 3034K, committed 3200K, reserved 1048576K
}
Event: 6.738 GC heap after
{Heap after GC invocations=5 (full 0):
 garbage-first heap   total 55296K, used 14045K [0x0000000701600000, 0x0000000800000000)
  region size 2048K, 2 young (4096K), 2 survivors (4096K)
 Metaspace       used 23891K, committed 24192K, reserved 1114112K
  class space    used 3034K, committed 3200K, reserved 1048576K
}
Event: 6.863 GC heap before
{Heap before GC invocations=5 (full 0):
 garbage-first heap   total 55296K, used 16093K [0x0000000701600000, 0x0000000800000000)
  region size 2048K, 3 young (6144K), 2 survivors (4096K)
 Metaspace       used 24027K, committed 24320K, reserved 1114112K
  class space    used 3055K, committed 3200K, reserved 1048576K
}
Event: 6.874 GC heap after
{Heap after GC invocations=6 (full 0):
 garbage-first heap   total 55296K, used 14398K [0x0000000701600000, 0x0000000800000000)
  region size 2048K, 1 young (2048K), 1 survivors (2048K)
 Metaspace       used 24027K, committed 24320K, reserved 1114112K
  class space    used 3055K, committed 3200K, reserved 1048576K
}
Event: 21.258 GC heap before
{Heap before GC invocations=6 (full 0):
 garbage-first heap   total 55296K, used 32830K [0x0000000701600000, 0x0000000800000000)
  region size 2048K, 11 young (22528K), 1 survivors (2048K)
 Metaspace       used 28520K, committed 28928K, reserved 1114112K
  class space    used 3721K, committed 3904K, reserved 1048576K
}
Event: 21.263 GC heap after
{Heap after GC invocations=7 (full 0):
 garbage-first heap   total 55296K, used 15789K [0x0000000701600000, 0x0000000800000000)
  region size 2048K, 1 young (2048K), 1 survivors (2048K)
 Metaspace       used 28520K, committed 28928K, reserved 1114112K
  class space    used 3721K, committed 3904K, reserved 1048576K
}
Event: 23.159 GC heap before
{Heap before GC invocations=7 (full 0):
 garbage-first heap   total 55296K, used 36269K [0x0000000701600000, 0x0000000800000000)
  region size 2048K, 11 young (22528K), 1 survivors (2048K)
 Metaspace       used 30854K, committed 31232K, reserved 1114112K
  class space    used 4036K, committed 4224K, reserved 1048576K
}
Event: 23.165 GC heap after
{Heap after GC invocations=8 (full 0):
 garbage-first heap   total 55296K, used 17263K [0x0000000701600000, 0x0000000800000000)
  region size 2048K, 2 young (4096K), 2 survivors (4096K)
 Metaspace       used 30854K, committed 31232K, reserved 1114112K
  class space    used 4036K, committed 4224K, reserved 1048576K
}
Event: 24.008 GC heap before
{Heap before GC invocations=8 (full 0):
 garbage-first heap   total 55296K, used 37743K [0x0000000701600000, 0x0000000800000000)
  region size 2048K, 12 young (24576K), 2 survivors (4096K)
 Metaspace       used 33611K, committed 33984K, reserved 1114112K
  class space    used 4440K, committed 4608K, reserved 1048576K
}
Event: 24.016 GC heap after
{Heap after GC invocations=9 (full 0):
 garbage-first heap   total 55296K, used 18609K [0x0000000701600000, 0x0000000800000000)
  region size 2048K, 2 young (4096K), 2 survivors (4096K)
 Metaspace       used 33611K, committed 33984K, reserved 1114112K
  class space    used 4440K, committed 4608K, reserved 1048576K
}
Event: 26.969 GC heap before
{Heap before GC invocations=9 (full 0):
 garbage-first heap   total 55296K, used 34993K [0x0000000701600000, 0x0000000800000000)
  region size 2048K, 11 young (22528K), 2 survivors (4096K)
 Metaspace       used 35813K, committed 36160K, reserved 1114112K
  class space    used 4767K, committed 4928K, reserved 1048576K
}
Event: 26.977 GC heap after
{Heap after GC invocations=10 (full 0):
 garbage-first heap   total 55296K, used 19565K [0x0000000701600000, 0x0000000800000000)
  region size 2048K, 2 young (4096K), 2 survivors (4096K)
 Metaspace       used 35813K, committed 36160K, reserved 1114112K
  class space    used 4767K, committed 4928K, reserved 1048576K
}

